0 info it worked if it ends with ok
1 verbose cli [ '/usr/local/bin/node',
1 verbose cli   '/usr/local/bin/npm',
1 verbose cli   'install',
1 verbose cli   'jslinter',
1 verbose cli   '-g' ]
2 info using npm@2.15.8
3 info using node@v4.4.7
4 verbose install initial load of /usr/local/lib/package.json
5 verbose readDependencies loading dependencies from /usr/local/lib/package.json
6 silly cache add args [ 'jslinter', null ]
7 verbose cache add spec jslinter
8 silly cache add parsed spec Result {
8 silly cache add   raw: 'jslinter',
8 silly cache add   scope: null,
8 silly cache add   name: 'jslinter',
8 silly cache add   rawSpec: '',
8 silly cache add   spec: 'latest',
8 silly cache add   type: 'tag' }
9 silly addNamed jslinter@latest
10 verbose addNamed "latest" is being treated as a dist-tag for jslinter
11 info addNameTag [ 'jslinter', 'latest' ]
12 silly mapToRegistry name jslinter
13 silly mapToRegistry using default registry
14 silly mapToRegistry registry https://registry.npmjs.org/
15 silly mapToRegistry data Result {
15 silly mapToRegistry   raw: 'jslinter',
15 silly mapToRegistry   scope: null,
15 silly mapToRegistry   name: 'jslinter',
15 silly mapToRegistry   rawSpec: '',
15 silly mapToRegistry   spec: 'latest',
15 silly mapToRegistry   type: 'tag' }
16 silly mapToRegistry uri https://registry.npmjs.org/jslinter
17 verbose addNameTag registry:https://registry.npmjs.org/jslinter not in flight; fetching
18 verbose request uri https://registry.npmjs.org/jslinter
19 verbose request no auth needed
20 info attempt registry request try #1 at 3:54:14 PM
21 verbose request id 47aa755d3b004bf9
22 http request GET https://registry.npmjs.org/jslinter
23 http 200 https://registry.npmjs.org/jslinter
24 verbose headers { server: 'CouchDB/1.5.0 (Erlang OTP/R16B03)',
24 verbose headers   etag: '"1ODUFI19HKGRM9AU5XRNP6WQ0"',
24 verbose headers   'content-type': 'application/json',
24 verbose headers   'content-encoding': 'gzip',
24 verbose headers   'cache-control': 'max-age=300',
24 verbose headers   'content-length': '9323',
24 verbose headers   'accept-ranges': 'bytes',
24 verbose headers   date: 'Fri, 01 Jul 2016 14:54:14 GMT',
24 verbose headers   via: '1.1 varnish',
24 verbose headers   age: '0',
24 verbose headers   connection: 'keep-alive',
24 verbose headers   'x-served-by': 'cache-lcy1126-LCY',
24 verbose headers   'x-cache': 'MISS',
24 verbose headers   'x-cache-hits': '0',
24 verbose headers   'x-timer': 'S1467384854.385535,VS0,VE179',
24 verbose headers   vary: 'Accept-Encoding' }
25 silly get cb [ 200,
25 silly get   { server: 'CouchDB/1.5.0 (Erlang OTP/R16B03)',
25 silly get     etag: '"1ODUFI19HKGRM9AU5XRNP6WQ0"',
25 silly get     'content-type': 'application/json',
25 silly get     'content-encoding': 'gzip',
25 silly get     'cache-control': 'max-age=300',
25 silly get     'content-length': '9323',
25 silly get     'accept-ranges': 'bytes',
25 silly get     date: 'Fri, 01 Jul 2016 14:54:14 GMT',
25 silly get     via: '1.1 varnish',
25 silly get     age: '0',
25 silly get     connection: 'keep-alive',
25 silly get     'x-served-by': 'cache-lcy1126-LCY',
25 silly get     'x-cache': 'MISS',
25 silly get     'x-cache-hits': '0',
25 silly get     'x-timer': 'S1467384854.385535,VS0,VE179',
25 silly get     vary: 'Accept-Encoding' } ]
26 verbose get saving jslinter to /Users/dom/.npm/registry.npmjs.org/jslinter/.cache.json
27 verbose correctMkdir /Users/dom/.npm correctMkdir not in flight; initializing
28 verbose makeDirectory /Users/dom/.npm creation not in flight; initializing
29 silly makeDirectory /Users/dom/.npm uid: 503 gid: 20
30 silly addNameTag next cb for jslinter with tag latest
31 silly addNamed jslinter@1.4.4
32 verbose addNamed "1.4.4" is a plain semver version for jslinter
33 silly mapToRegistry name jslinter
34 silly mapToRegistry using default registry
35 silly mapToRegistry registry https://registry.npmjs.org/
36 silly mapToRegistry data Result {
36 silly mapToRegistry   raw: 'jslinter',
36 silly mapToRegistry   scope: null,
36 silly mapToRegistry   name: 'jslinter',
36 silly mapToRegistry   rawSpec: '',
36 silly mapToRegistry   spec: 'latest',
36 silly mapToRegistry   type: 'tag' }
37 silly mapToRegistry uri https://registry.npmjs.org/jslinter
38 verbose addRemoteTarball https://registry.npmjs.org/jslinter/-/jslinter-1.4.4.tgz not in flight; adding
39 verbose addRemoteTarball [ 'https://registry.npmjs.org/jslinter/-/jslinter-1.4.4.tgz',
39 verbose addRemoteTarball   '37bf6a324437a692d2c1e65eb8a5f0cf4dab7c1f' ]
40 info retry fetch attempt 1 at 3:54:15 PM
41 info attempt registry request try #1 at 3:54:15 PM
42 http fetch GET https://registry.npmjs.org/jslinter/-/jslinter-1.4.4.tgz
43 http fetch 200 https://registry.npmjs.org/jslinter/-/jslinter-1.4.4.tgz
44 silly fetchAndShaCheck shasum 37bf6a324437a692d2c1e65eb8a5f0cf4dab7c1f
45 verbose addTmpTarball /var/folders/nt/w77ty21j0g11_6lm53_zvfl80000gq/T/npm-1186-3c061e5a/registry.npmjs.org/jslinter/-/jslinter-1.4.4.tgz not in flight; adding
46 verbose addTmpTarball already have metadata; skipping unpack for jslinter@1.4.4
47 verbose correctMkdir /Users/dom/.npm correctMkdir not in flight; initializing
48 silly cache afterAdd jslinter@1.4.4
49 verbose afterAdd /Users/dom/.npm/jslinter/1.4.4/package/package.json not in flight; writing
50 verbose correctMkdir /Users/dom/.npm correctMkdir not in flight; initializing
51 verbose afterAdd /Users/dom/.npm/jslinter/1.4.4/package/package.json written
52 silly install resolved [ { name: 'jslinter',
52 silly install resolved     version: '1.4.4',
52 silly install resolved     description: 'JSLint for Node.js',
52 silly install resolved     author: { name: 'Nicola Squartini', email: 'tensor5@gmail.com' },
52 silly install resolved     license: 'MIT',
52 silly install resolved     repository:
52 silly install resolved      { type: 'git',
52 silly install resolved        url: 'git+https://github.com/tensor5/JSLinter.git' },
52 silly install resolved     keywords:
52 silly install resolved      [ 'code quality',
52 silly install resolved        'ecmascript',
52 silly install resolved        'javascript',
52 silly install resolved        'jslint',
52 silly install resolved        'lint',
52 silly install resolved        'static analysis' ],
52 silly install resolved     bin: { jslint: 'jslint' },
52 silly install resolved     devDependencies: { rollup: '>=0.25 <0.27' },
52 silly install resolved     scripts:
52 silly install resolved      { 'build-bin': 'node scripts/buildBin.js',
52 silly install resolved        'build-lib': 'node scripts/buildLib.js',
52 silly install resolved        'pull-jslint': 'git submodule foreach git pull origin master',
52 silly install resolved        sync: 'npm run pull-jslint && npm run build-lib',
52 silly install resolved        test: './jslint index.js lib/*.js scripts/*.js src/*.js' },
52 silly install resolved     gitHead: '663e3016dc8651b8d903e2bf79f282426eb1db75',
52 silly install resolved     bugs: { url: 'https://github.com/tensor5/JSLinter/issues' },
52 silly install resolved     homepage: 'https://github.com/tensor5/JSLinter#readme',
52 silly install resolved     _id: 'jslinter@1.4.4',
52 silly install resolved     _shasum: '37bf6a324437a692d2c1e65eb8a5f0cf4dab7c1f',
52 silly install resolved     _from: 'jslinter@latest',
52 silly install resolved     _npmVersion: '3.10.2',
52 silly install resolved     _nodeVersion: '6.2.2',
52 silly install resolved     _npmUser: { name: 'tensor5', email: 'tensor5@gmail.com' },
52 silly install resolved     dist:
52 silly install resolved      { shasum: '37bf6a324437a692d2c1e65eb8a5f0cf4dab7c1f',
52 silly install resolved        tarball: 'https://registry.npmjs.org/jslinter/-/jslinter-1.4.4.tgz' },
52 silly install resolved     maintainers: [ [Object] ],
52 silly install resolved     _npmOperationalInternal:
52 silly install resolved      { host: 'packages-16-east.internal.npmjs.com',
52 silly install resolved        tmp: 'tmp/jslinter-1.4.4.tgz_1467210009618_0.10917693423107266' },
52 silly install resolved     directories: {},
52 silly install resolved     _resolved: 'https://registry.npmjs.org/jslinter/-/jslinter-1.4.4.tgz' } ]
53 info install jslinter@1.4.4 into /usr/local/lib
54 info installOne jslinter@1.4.4
55 verbose installOne of jslinter to /usr/local/lib not in flight; installing
56 verbose correctMkdir /Users/dom/.npm/_locks correctMkdir not in flight; initializing
57 verbose makeDirectory /Users/dom/.npm/_locks creation not in flight; initializing
58 silly makeDirectory /Users/dom/.npm/_locks uid: 503 gid: 20
59 verbose lock using /Users/dom/.npm/_locks/jslinter-a305091f80c36b36.lock for /usr/local/lib/node_modules/jslinter
60 silly install write writing jslinter 1.4.4 to /usr/local/lib/node_modules/jslinter
61 verbose unbuild lib/node_modules/jslinter
62 silly gentlyRm /usr/local/lib/node_modules/jslinter is being purged from base /usr/local
63 verbose gentlyRm don't care about contents; nuking /usr/local/lib/node_modules/jslinter
64 verbose tar unpack /Users/dom/.npm/jslinter/1.4.4/package.tgz
65 verbose tar unpacking to /usr/local/lib/node_modules/jslinter
66 silly gentlyRm /usr/local/lib/node_modules/jslinter is being purged
67 verbose gentlyRm don't care about contents; nuking /usr/local/lib/node_modules/jslinter
68 silly gunzTarPerm modes [ '755', '644' ]
69 error tar.unpack untar error /Users/dom/.npm/jslinter/1.4.4/package.tgz
70 verbose unlock done using /Users/dom/.npm/_locks/jslinter-a305091f80c36b36.lock for /usr/local/lib/node_modules/jslinter
71 verbose fstream_path /usr/local/lib/node_modules/jslinter
72 verbose fstream_type Directory
73 verbose fstream_class DirWriter
74 verbose stack Error: EACCES: permission denied, mkdir '/usr/local/lib/node_modules/jslinter'
74 verbose stack     at Error (native)
75 verbose fstream_stack /usr/local/lib/node_modules/npm/node_modules/fstream/lib/dir-writer.js:35:25
75 verbose fstream_stack /usr/local/lib/node_modules/npm/node_modules/mkdirp/index.js:47:53
75 verbose fstream_stack FSReqWrap.oncomplete (fs.js:82:15)
76 verbose cwd /Volumes/igmm/sims-lab/Dominic/_PhD/Projects/Labbook/zMisc/Rosalind/python
77 error Darwin 15.4.0
78 error argv "/usr/local/bin/node" "/usr/local/bin/npm" "install" "jslinter" "-g"
79 error node v4.4.7
80 error npm  v2.15.8
81 error path /usr/local/lib/node_modules/jslinter
82 error code EACCES
83 error errno -13
84 error syscall mkdir
85 error Error: EACCES: permission denied, mkdir '/usr/local/lib/node_modules/jslinter'
85 error     at Error (native)
85 error  { [Error: EACCES: permission denied, mkdir '/usr/local/lib/node_modules/jslinter']
85 error   errno: -13,
85 error   code: 'EACCES',
85 error   syscall: 'mkdir',
85 error   path: '/usr/local/lib/node_modules/jslinter',
85 error   fstream_type: 'Directory',
85 error   fstream_path: '/usr/local/lib/node_modules/jslinter',
85 error   fstream_class: 'DirWriter',
85 error   fstream_stack:
85 error    [ '/usr/local/lib/node_modules/npm/node_modules/fstream/lib/dir-writer.js:35:25',
85 error      '/usr/local/lib/node_modules/npm/node_modules/mkdirp/index.js:47:53',
85 error      'FSReqWrap.oncomplete (fs.js:82:15)' ] }
86 error Please try running this command again as root/Administrator.
87 verbose exit [ -13, true ]
88 verbose unbuild lib/node_modules/jslinter
89 silly gentlyRm /usr/local/lib/node_modules/jslinter is being purged from base /usr/local
90 verbose gentlyRm don't care about contents; nuking /usr/local/lib/node_modules/jslinter
